<?xml version="1.0" encoding="UTF-8"?>
<!-- Generated by org.testng.reporters.JUnitReportReporter -->
<testsuite hostname="FVFHXH2BQ6LR" failures="0" tests="2" name="tests.verifylogout" time="9.627" errors="0" timestamp="2023-05-19T21:11:45 IST" skipped="0">
  <testcase classname="tests.verifylogout" name="logout" time="0.561"/>
  <system-out/>
  <testcase classname="tests.verifylogout" name="logout" time="9.066"/>
  <system-out/>
</testsuite> <!-- tests.verifylogout -->
