<?xml version="1.0" encoding="UTF-8"?>
<!-- Generated by org.testng.reporters.JUnitReportReporter -->
<testsuite hostname="FVFHXH2BQ6LR" failures="0" tests="14" name="tests.verifyregister" time="62.257" errors="0" timestamp="2023-05-19T21:11:45 IST" skipped="0">
  <testcase classname="tests.verifyregister" name="verifyingregister" time="7.355"/>
  <system-out/>
  <testcase classname="tests.verifyregister" name="verifyingregister" time="0.209"/>
  <system-out/>
  <testcase classname="tests.verifyregister" name="verifyingregister" time="2.070"/>
  <system-out/>
  <testcase classname="tests.verifyregister" name="verifyingregister" time="10.234"/>
  <system-out/>
  <testcase classname="tests.verifyregister" name="verifyingregister" time="0.234"/>
  <system-out/>
  <testcase classname="tests.verifyregister" name="verifyingregister" time="0.531"/>
  <system-out/>
  <testcase classname="tests.verifyregister" name="verifyingregister" time="0.177"/>
  <system-out/>
  <testcase classname="tests.verifyregister" name="verifyingregister" time="0.650"/>
  <system-out/>
  <testcase classname="tests.verifyregister" name="verifyingregister" time="0.265"/>
  <system-out/>
  <testcase classname="tests.verifyregister" name="verifyingregister" time="1.112"/>
  <system-out/>
  <testcase classname="tests.verifyregister" name="verifyingregister" time="0.818"/>
  <system-out/>
  <testcase classname="tests.verifyregister" name="verifyingregister" time="14.030"/>
  <system-out/>
  <testcase classname="tests.verifyregister" name="verifyingregister" time="23.912"/>
  <system-out/>
  <testcase classname="tests.verifyregister" name="verifyingregister" time="0.660"/>
  <system-out/>
</testsuite> <!-- tests.verifyregister -->
