<?xml version="1.0" encoding="UTF-8"?>
<!-- Generated by org.testng.reporters.JUnitReportReporter -->
<testsuite hostname="FVFHXH2BQ6LR" failures="0" tests="3" name="tests.verifylogin" time="25.424" errors="0" timestamp="2023-05-19T21:11:45 IST" skipped="0">
  <testcase classname="tests.verifylogin" name="executeLogin" time="8.872"/>
  <system-out/>
  <testcase classname="tests.verifylogin" name="executeLogin" time="0.322"/>
  <system-out/>
  <testcase classname="tests.verifylogin" name="executeLogin" time="16.230"/>
  <system-out/>
</testsuite> <!-- tests.verifylogin -->
